#
# There is insufficient memory for the Java Runtime Environment to continue.
# Native memory allocation (mmap) failed to map 268435456 bytes for committing reserved memory.
# Possible reasons:
#   The system is out of physical RAM or swap space
#   In 32 bit mode, the process size limit was hit
# Possible solutions:
#   Reduce memory load on the system
#   Increase physical memory or swap space
#   Check if swap backing store is full
#   Use 64 bit Java on a 64 bit OS
#   Decrease Java heap size (-Xmx/-Xms)
#   Decrease number of Java threads
#   Decrease Java thread stack sizes (-Xss)
#   Set larger code cache with -XX:ReservedCodeCacheSize=
# This output file may be truncated or incomplete.
#
#  Out of Memory Error (os_linux.cpp:2640), pid=3775, tid=0x00007f449571d700
#
# JRE version:  (8.0_181-b13) (build )
# Java VM: Java HotSpot(TM) 64-Bit Server VM (25.181-b13 mixed mode linux-amd64 compressed oops)
# Failed to write core dump. Core dumps have been disabled. To enable core dumping, try "ulimit -c unlimited" before starting Java again
#

---------------  T H R E A D  ---------------

Current thread (0x00007f448c00c000):  JavaThread "Unknown thread" [_thread_in_vm, id=3776, stack(0x00007f449561d000,0x00007f449571e000)]

Stack: [0x00007f449561d000,0x00007f449571e000],  sp=0x00007f449571be50,  free space=1019k
Native frames: (J=compiled Java code, j=interpreted, Vv=VM code, C=native code)
V  [libjvm.so+0xad21aa]  VMError::report_and_die()+0x2ba
V  [libjvm.so+0x5022db]  report_vm_out_of_memory(char const*, int, unsigned long, VMErrorType, char const*)+0x8b
V  [libjvm.so+0x92fe33]  os::Linux::commit_memory_impl(char*, unsigned long, bool)+0x123
V  [libjvm.so+0x92ffa5]  os::pd_commit_memory_or_exit(char*, unsigned long, unsigned long, bool, char const*)+0x35
V  [libjvm.so+0x927ca6]  os::commit_memory_or_exit(char*, unsigned long, unsigned long, bool, char const*)+0x26
V  [libjvm.so+0x5ca13f]  G1PageBasedVirtualSpace::commit_internal(unsigned long, unsigned long)+0xbf
V  [libjvm.so+0x5ca3cc]  G1PageBasedVirtualSpace::commit(unsigned long, unsigned long)+0x11c
V  [libjvm.so+0x5cd0b0]  G1RegionsLargerThanCommitSizeMapper::commit_regions(unsigned int, unsigned long)+0x40
V  [libjvm.so+0x631047]  HeapRegionManager::commit_regions(unsigned int, unsigned long)+0x77
V  [libjvm.so+0x6322e1]  HeapRegionManager::make_regions_available(unsigned int, unsigned int)+0x31
V  [libjvm.so+0x632860]  HeapRegionManager::expand_by(unsigned int)+0xb0
V  [libjvm.so+0x5a12b9]  G1CollectedHeap::expand(unsigned long)+0x199
V  [libjvm.so+0x5a75b5]  G1CollectedHeap::initialize()+0x895
V  [libjvm.so+0xa9a1e3]  Universe::initialize_heap()+0xf3
V  [libjvm.so+0xa9a74e]  universe_init()+0x3e
V  [libjvm.so+0x644875]  init_globals()+0x65
V  [libjvm.so+0xa7eefe]  Threads::create_vm(JavaVMInitArgs*, bool*)+0x23e
V  [libjvm.so+0x6d8d74]  JNI_CreateJavaVM+0x74
C  [libjli.so+0x797e]  JavaMain+0x9e
C  [libpthread.so.0+0x76ba]  start_thread+0xca


---------------  P R O C E S S  ---------------

Java Threads: ( => current thread )

Other Threads:

=>0x00007f448c00c000 (exited) JavaThread "Unknown thread" [_thread_in_vm, id=3776, stack(0x00007f449561d000,0x00007f449571e000)]

VM state:not at safepoint (not fully initialized)

VM Mutex/Monitor currently owned by a thread:  ([mutex/lock_event])
[0x00007f448c008af0] Heap_lock - owner thread: 0x00007f448c00c000

GC Heap History (0 events):
No events

Deoptimization events (0 events):
No events

Classes redefined (0 events):
No events

Internal exceptions (0 events):
No events

Events (0 events):
No events


Dynamic libraries:
00400000-00401000 r-xp 00000000 08:01 660336                             /usr/lib/jvm/java-8-oracle/jre/bin/java
00600000-00601000 rw-p 00000000 08:01 660336                             /usr/lib/jvm/java-8-oracle/jre/bin/java
022c8000-022e9000 rw-p 00000000 00:00 0                                  [heap]
d0000000-100000000 ---p 00000000 00:00 0 
7f4464000000-7f4464021000 rw-p 00000000 00:00 0 
7f4464021000-7f4468000000 ---p 00000000 00:00 0 
7f4468000000-7f4468021000 rw-p 00000000 00:00 0 
7f4468021000-7f446c000000 ---p 00000000 00:00 0 
7f446e000000-7f4470000000 rw-p 00000000 00:00 0 
7f4470000000-7f4470021000 rw-p 00000000 00:00 0 
7f4470021000-7f4474000000 ---p 00000000 00:00 0 
7f4474000000-7f4474021000 rw-p 00000000 00:00 0 
7f4474021000-7f4478000000 ---p 00000000 00:00 0 
7f4478000000-7f4478021000 rw-p 00000000 00:00 0 
7f4478021000-7f447d000000 ---p 00000000 00:00 0 
7f447d000000-7f447d270000 rwxp 00000000 00:00 0 
7f447d270000-7f448c000000 ---p 00000000 00:00 0 
7f448c000000-7f448c059000 rw-p 00000000 00:00 0 
7f448c059000-7f4490000000 ---p 00000000 00:00 0 
7f4490218000-7f44905a4000 rw-p 00000000 00:00 0 
7f44905a4000-7f44905a5000 ---p 00000000 00:00 0 
7f44905a5000-7f44906a5000 rw-p 00000000 00:00 0 
7f44906a5000-7f44906a6000 ---p 00000000 00:00 0 
7f44906a6000-7f44907a6000 rw-p 00000000 00:00 0 
7f44907a6000-7f4491fa6000 ---p 00000000 00:00 0 
7f4491fa6000-7f4491fa7000 ---p 00000000 00:00 0 
7f4491fa7000-7f44920a7000 rw-p 00000000 00:00 0 
7f44920a7000-7f44920a8000 ---p 00000000 00:00 0 
7f44920a8000-7f44922a9000 rw-p 00000000 00:00 0 
7f44922a9000-7f44922aa000 ---p 00000000 00:00 0 
7f44922aa000-7f44923b4000 rw-p 00000000 00:00 0 
7f44923b4000-7f449276a000 ---p 00000000 00:00 0 
7f449276a000-7f4492785000 r-xp 00000000 08:01 1981560                    /usr/lib/jvm/java-8-oracle/jre/lib/amd64/libzip.so
7f4492785000-7f4492985000 ---p 0001b000 08:01 1981560                    /usr/lib/jvm/java-8-oracle/jre/lib/amd64/libzip.so
7f4492985000-7f4492986000 rw-p 0001b000 08:01 1981560                    /usr/lib/jvm/java-8-oracle/jre/lib/amd64/libzip.so
7f4492986000-7f4492991000 r-xp 00000000 08:01 262240                     /lib/x86_64-linux-gnu/libnss_files-2.23.so
7f4492991000-7f4492b90000 ---p 0000b000 08:01 262240                     /lib/x86_64-linux-gnu/libnss_files-2.23.so
7f4492b90000-7f4492b91000 r--p 0000a000 08:01 262240                     /lib/x86_64-linux-gnu/libnss_files-2.23.so
7f4492b91000-7f4492b92000 rw-p 0000b000 08:01 262240                     /lib/x86_64-linux-gnu/libnss_files-2.23.so
7f4492b92000-7f4492b98000 rw-p 00000000 00:00 0 
7f4492b98000-7f4492ba3000 r-xp 00000000 08:01 266803                     /lib/x86_64-linux-gnu/libnss_nis-2.23.so
7f4492ba3000-7f4492da2000 ---p 0000b000 08:01 266803                     /lib/x86_64-linux-gnu/libnss_nis-2.23.so
7f4492da2000-7f4492da3000 r--p 0000a000 08:01 266803                     /lib/x86_64-linux-gnu/libnss_nis-2.23.so
7f4492da3000-7f4492da4000 rw-p 0000b000 08:01 266803                     /lib/x86_64-linux-gnu/libnss_nis-2.23.so
7f4492da4000-7f4492dba000 r-xp 00000000 08:01 262158                     /lib/x86_64-linux-gnu/libnsl-2.23.so
7f4492dba000-7f4492fb9000 ---p 00016000 08:01 262158                     /lib/x86_64-linux-gnu/libnsl-2.23.so
7f4492fb9000-7f4492fba000 r--p 00015000 08:01 262158                     /lib/x86_64-linux-gnu/libnsl-2.23.so
7f4492fba000-7f4492fbb000 rw-p 00016000 08:01 262158                     /lib/x86_64-linux-gnu/libnsl-2.23.so
7f4492fbb000-7f4492fbd000 rw-p 00000000 00:00 0 
7f4492fbd000-7f4492fc5000 r-xp 00000000 08:01 262235                     /lib/x86_64-linux-gnu/libnss_compat-2.23.so
7f4492fc5000-7f44931c4000 ---p 00008000 08:01 262235                     /lib/x86_64-linux-gnu/libnss_compat-2.23.so
7f44931c4000-7f44931c5000 r--p 00007000 08:01 262235                     /lib/x86_64-linux-gnu/libnss_compat-2.23.so
7f44931c5000-7f44931c6000 rw-p 00008000 08:01 262235                     /lib/x86_64-linux-gnu/libnss_compat-2.23.so
7f44931c6000-7f44931f1000 r-xp 00000000 08:01 1981554                    /usr/lib/jvm/java-8-oracle/jre/lib/amd64/libjava.so
7f44931f1000-7f44933f0000 ---p 0002b000 08:01 1981554                    /usr/lib/jvm/java-8-oracle/jre/lib/amd64/libjava.so
7f44933f0000-7f44933f2000 rw-p 0002a000 08:01 1981554                    /usr/lib/jvm/java-8-oracle/jre/lib/amd64/libjava.so
7f44933f2000-7f44933ff000 r-xp 00000000 08:01 1981559                    /usr/lib/jvm/java-8-oracle/jre/lib/amd64/libverify.so
7f44933ff000-7f44935ff000 ---p 0000d000 08:01 1981559                    /usr/lib/jvm/java-8-oracle/jre/lib/amd64/libverify.so
7f44935ff000-7f4493601000 rw-p 0000d000 08:01 1981559                    /usr/lib/jvm/java-8-oracle/jre/lib/amd64/libverify.so
7f4493601000-7f4493608000 r-xp 00000000 08:01 266804                     /lib/x86_64-linux-gnu/librt-2.23.so
7f4493608000-7f4493807000 ---p 00007000 08:01 266804                     /lib/x86_64-linux-gnu/librt-2.23.so
7f4493807000-7f4493808000 r--p 00006000 08:01 266804                     /lib/x86_64-linux-gnu/librt-2.23.so
7f4493808000-7f4493809000 rw-p 00007000 08:01 266804                     /lib/x86_64-linux-gnu/librt-2.23.so
7f4493809000-7f4493911000 r-xp 00000000 08:01 262149                     /lib/x86_64-linux-gnu/libm-2.23.so
7f4493911000-7f4493b10000 ---p 00108000 08:01 262149                     /lib/x86_64-linux-gnu/libm-2.23.so
7f4493b10000-7f4493b11000 r--p 00107000 08:01 262149                     /lib/x86_64-linux-gnu/libm-2.23.so
7f4493b11000-7f4493b12000 rw-p 00108000 08:01 262149                     /lib/x86_64-linux-gnu/libm-2.23.so
7f4493b12000-7f44947ee000 r-xp 00000000 08:01 1981536                    /usr/lib/jvm/java-8-oracle/jre/lib/amd64/server/libjvm.so
7f44947ee000-7f44949ee000 ---p 00cdc000 08:01 1981536                    /usr/lib/jvm/java-8-oracle/jre/lib/amd64/server/libjvm.so
7f44949ee000-7f4494ac8000 rw-p 00cdc000 08:01 1981536                    /usr/lib/jvm/java-8-oracle/jre/lib/amd64/server/libjvm.so
7f4494ac8000-7f4494b13000 rw-p 00000000 00:00 0 
7f4494b13000-7f4494cd3000 r-xp 00000000 08:01 262227                     /lib/x86_64-linux-gnu/libc-2.23.so
7f4494cd3000-7f4494ed3000 ---p 001c0000 08:01 262227                     /lib/x86_64-linux-gnu/libc-2.23.so
7f4494ed3000-7f4494ed7000 r--p 001c0000 08:01 262227                     /lib/x86_64-linux-gnu/libc-2.23.so
7f4494ed7000-7f4494ed9000 rw-p 001c4000 08:01 262227                     /lib/x86_64-linux-gnu/libc-2.23.so
7f4494ed9000-7f4494edd000 rw-p 00000000 00:00 0 
7f4494edd000-7f4494ee0000 r-xp 00000000 08:01 262229                     /lib/x86_64-linux-gnu/libdl-2.23.so
7f4494ee0000-7f44950df000 ---p 00003000 08:01 262229                     /lib/x86_64-linux-gnu/libdl-2.23.so
7f44950df000-7f44950e0000 r--p 00002000 08:01 262229                     /lib/x86_64-linux-gnu/libdl-2.23.so
7f44950e0000-7f44950e1000 rw-p 00003000 08:01 262229                     /lib/x86_64-linux-gnu/libdl-2.23.so
7f44950e1000-7f44950f7000 r-xp 00000000 08:01 1981531                    /usr/lib/jvm/java-8-oracle/jre/lib/amd64/jli/libjli.so
7f44950f7000-7f44952f6000 ---p 00016000 08:01 1981531                    /usr/lib/jvm/java-8-oracle/jre/lib/amd64/jli/libjli.so
7f44952f6000-7f44952f7000 rw-p 00015000 08:01 1981531                    /usr/lib/jvm/java-8-oracle/jre/lib/amd64/jli/libjli.so
7f44952f7000-7f449530f000 r-xp 00000000 08:01 262169                     /lib/x86_64-linux-gnu/libpthread-2.23.so
7f449530f000-7f449550e000 ---p 00018000 08:01 262169                     /lib/x86_64-linux-gnu/libpthread-2.23.so
7f449550e000-7f449550f000 r--p 00017000 08:01 262169                     /lib/x86_64-linux-gnu/libpthread-2.23.so
7f449550f000-7f4495510000 rw-p 00018000 08:01 262169                     /lib/x86_64-linux-gnu/libpthread-2.23.so
7f4495510000-7f4495514000 rw-p 00000000 00:00 0 
7f4495514000-7f449553a000 r-xp 00000000 08:01 262161                     /lib/x86_64-linux-gnu/ld-2.23.so
7f449559b000-7f449561d000 rw-p 00000000 00:00 0 
7f449561d000-7f4495620000 ---p 00000000 00:00 0 
7f4495620000-7f4495723000 rw-p 00000000 00:00 0 
7f449572f000-7f4495737000 rw-s 00000000 08:01 5111832                    /tmp/hsperfdata_aatiranum/3775
7f4495737000-7f4495738000 rw-p 00000000 00:00 0 
7f4495738000-7f4495739000 r--p 00000000 00:00 0 
7f4495739000-7f449573a000 r--p 00025000 08:01 262161                     /lib/x86_64-linux-gnu/ld-2.23.so
7f449573a000-7f449573b000 rw-p 00026000 08:01 262161                     /lib/x86_64-linux-gnu/ld-2.23.so
7f449573b000-7f449573c000 rw-p 00000000 00:00 0 
7fff14a78000-7fff14a9a000 rw-p 00000000 00:00 0                          [stack]
7fff14b93000-7fff14b96000 r--p 00000000 00:00 0                          [vvar]
7fff14b96000-7fff14b98000 r-xp 00000000 00:00 0                          [vdso]
ffffffffff600000-ffffffffff601000 r-xp 00000000 00:00 0                  [vsyscall]

VM Arguments:
jvm_args: -Dosgi.requiredJavaVersion=1.8 -Dosgi.instance.area.default=@user.home/eclipse-workspace -XX:+UseG1GC -XX:+UseStringDeduplication -Dosgi.requiredJavaVersion=1.8 -Dosgi.dataAreaRequiresExplicitInit=true -Xms256m -Xmx1024m -Declipse.p2.max.threads=10 -Doomph.update.url=http://download.eclipse.org/oomph/updates/milestone/latest -Doomph.redirection.index.redirection=index:/->http://git.eclipse.org/c/oomph/org.eclipse.oomph.git/plain/setups/ -Duser.dir=/home/aatiranum/eclipse/cpp-photon/eclipse 
java_command: /home/aatiranum/eclipse/cpp-photon/eclipse//plugins/org.eclipse.equinox.launcher_1.5.0.v20180512-1130.jar -os linux -ws gtk -arch x86_64 -showsplash -launcher /home/aatiranum/eclipse/cpp-photon/eclipse/eclipse -name Eclipse --launcher.library /home/aatiranum/.p2/pool/plugins/org.eclipse.equinox.launcher.gtk.linux.x86_64_1.1.700.v20180518-1200/eclipse_1705.so -startup /home/aatiranum/eclipse/cpp-photon/eclipse//plugins/org.eclipse.equinox.launcher_1.5.0.v20180512-1130.jar --launcher.appendVmargs -exitdata 208013 -product org.eclipse.epp.package.cpp.product -vm /usr/lib/jvm/java-8-oracle/jre/bin/java -vmargs -Dosgi.requiredJavaVersion=1.8 -Dosgi.instance.area.default=@user.home/eclipse-workspace -XX:+UseG1GC -XX:+UseStringDeduplication -Dosgi.requiredJavaVersion=1.8 -Dosgi.dataAreaRequiresExplicitInit=true -Xms256m -Xmx1024m -Declipse.p2.max.threads=10 -Doomph.update.url=http://download.eclipse.org/oomph/updates/milestone/latest -Doomph.redirection.index.redirection=index:/->http://git.eclipse.org/c/oomph/org.eclipse.oomph.git/plain/setups/ -Duser.dir=/home/aatiranum/eclipse/cpp-photon/eclipse -jar /home/aatiranum/eclipse/cpp-photon/eclipse//plugins/org.eclipse.equinox.launcher_1.5.0.v20180512-1130.jar
java_class_path (initial): /home/aatiranum/eclipse/cpp-photon/eclipse//plugins/org.eclipse.equinox.launcher_1.5.0.v20180512-1130.jar
Launcher Type: SUN_STANDARD

Environment Variables:
JAVA_HOME=/usr/lib/jvm/java-8-oracle
PATH=/home/aatiranum/bin:/home/aatiranum/.local/bin:/usr/local/sbin:/usr/local/bin:/usr/sbin:/usr/bin:/sbin:/bin:/usr/games:/usr/local/games:/snap/bin:/usr/lib/jvm/java-8-oracle/bin:/usr/lib/jvm/java-8-oracle/db/bin:/usr/lib/jvm/java-8-oracle/jre/bin
SHELL=/bin/bash
DISPLAY=:0

Signal Handlers:
SIGSEGV: [libjvm.so+0xad2a40], sa_mask[0]=11111111011111111101111111111110, sa_flags=SA_RESTART|SA_SIGINFO
SIGBUS: [libjvm.so+0xad2a40], sa_mask[0]=11111111011111111101111111111110, sa_flags=SA_RESTART|SA_SIGINFO
SIGFPE: [libjvm.so+0x92a610], sa_mask[0]=11111111011111111101111111111110, sa_flags=SA_RESTART|SA_SIGINFO
SIGPIPE: [libjvm.so+0x92a610], sa_mask[0]=11111111011111111101111111111110, sa_flags=SA_RESTART|SA_SIGINFO
SIGXFSZ: [libjvm.so+0x92a610], sa_mask[0]=11111111011111111101111111111110, sa_flags=SA_RESTART|SA_SIGINFO
SIGILL: [libjvm.so+0x92a610], sa_mask[0]=11111111011111111101111111111110, sa_flags=SA_RESTART|SA_SIGINFO
SIGUSR1: SIG_DFL, sa_mask[0]=00000000000000000000000000000000, sa_flags=none
SIGUSR2: [libjvm.so+0x92be70], sa_mask[0]=00100000000000000000000000000000, sa_flags=SA_RESTART|SA_SIGINFO
SIGHUP: SIG_DFL, sa_mask[0]=00000000000000000000000000000000, sa_flags=none
SIGINT: SIG_DFL, sa_mask[0]=00000000000000000000000000000000, sa_flags=none
SIGTERM: SIG_DFL, sa_mask[0]=00000000000000000000000000000000, sa_flags=none
SIGQUIT: SIG_DFL, sa_mask[0]=00000000000000000000000000000000, sa_flags=none


---------------  S Y S T E M  ---------------

OS:DISTRIB_ID=Ubuntu
DISTRIB_RELEASE=16.04
DISTRIB_CODENAME=xenial
DISTRIB_DESCRIPTION="Ubuntu 16.04.3 LTS"

uname:Linux 4.15.0-24-generic #26~16.04.1-Ubuntu SMP Fri Jun 15 14:35:08 UTC 2018 x86_64
libc:glibc 2.23 NPTL 2.23 
rlimit: STACK 8192k, CORE 0k, NPROC 3621, NOFILE 1048576, AS infinity
load average:2.00 1.70 1.76

/proc/meminfo:
MemTotal:         985088 kB
MemFree:           62656 kB
MemAvailable:      26260 kB
Buffers:            2468 kB
Cached:            95424 kB
SwapCached:         6024 kB
Active:           264696 kB
Inactive:         260660 kB
Active(anon):     243088 kB
Inactive(anon):   242468 kB
Active(file):      21608 kB
Inactive(file):    18192 kB
Unevictable:          32 kB
Mlocked:              32 kB
SwapTotal:       1045500 kB
SwapFree:              0 kB
Dirty:                84 kB
Writeback:           552 kB
AnonPages:        421624 kB
Mapped:            40112 kB
Shmem:             58064 kB
Slab:              79072 kB
SReclaimable:      29664 kB
SUnreclaim:        49408 kB
KernelStack:       11456 kB
PageTables:        35428 kB
NFS_Unstable:          0 kB
Bounce:                0 kB
WritebackTmp:          0 kB
CommitLimit:     1538044 kB
Committed_AS:    5416052 kB
VmallocTotal:   34359738367 kB
VmallocUsed:           0 kB
VmallocChunk:          0 kB
HardwareCorrupted:     0 kB
AnonHugePages:         0 kB
ShmemHugePages:        0 kB
ShmemPmdMapped:        0 kB
CmaTotal:              0 kB
CmaFree:               0 kB
HugePages_Total:       0
HugePages_Free:        0
HugePages_Rsvd:        0
HugePages_Surp:        0
Hugepagesize:       2048 kB
DirectMap4k:       96128 kB
DirectMap2M:      952320 kB
DirectMap1G:           0 kB


CPU:total 1 (initial active 1) (1 cores per cpu, 1 threads per core) family 6 model 78 stepping 3, cmov, cx8, fxsr, mmx, sse, sse2, sse3, ssse3, sse4.1, sse4.2, popcnt, avx, avx2, aes, clmul, erms, rtm, 3dnowpref, lzcnt, tsc, tscinvbit, bmi1, bmi2, adx

/proc/cpuinfo:
processor	: 0
vendor_id	: GenuineIntel
cpu family	: 6
model		: 78
model name	: Intel(R) Core(TM) i7-6600U CPU @ 2.60GHz
stepping	: 3
microcode	: 0xbe
cpu MHz		: 2807.998
cache size	: 4096 KB
physical id	: 0
siblings	: 1
core id		: 0
cpu cores	: 1
apicid		: 0
initial apicid	: 0
fpu		: yes
fpu_exception	: yes
cpuid level	: 22
wp		: yes
flags		: fpu vme de pse tsc msr pae mce cx8 apic sep mtrr pge mca cmov pat pse36 clflush mmx fxsr sse sse2 ss syscall nx pdpe1gb rdtscp lm constant_tsc arch_perfmon nopl xtopology tsc_reliable nonstop_tsc cpuid pni pclmulqdq ssse3 fma cx16 pcid sse4_1 sse4_2 x2apic movbe popcnt tsc_deadline_timer aes xsave avx f16c rdrand hypervisor lahf_lm abm 3dnowprefetch cpuid_fault invpcid_single pti fsgsbase tsc_adjust bmi1 hle avx2 smep bmi2 invpcid rtm mpx rdseed adx smap clflushopt xsaveopt xsavec xsaves arat
bugs		: cpu_meltdown spectre_v1 spectre_v2 spec_store_bypass
bogomips	: 5615.99
clflush size	: 64
cache_alignment	: 64
address sizes	: 43 bits physical, 48 bits virtual
power management:



Memory: 4k page, physical 985088k(62656k free), swap 1045500k(0k free)

vm_info: Java HotSpot(TM) 64-Bit Server VM (25.181-b13) for linux-amd64 JRE (1.8.0_181-b13), built on Jul  7 2018 00:56:38 by "java_re" with gcc 4.3.0 20080428 (Red Hat 4.3.0-8)

time: Thu Jul 19 06:24:07 2018
elapsed time: 0 seconds (0d 0h 0m 0s)

